=== Informations SLURM ===
Job ID : 40
Noeud : morgoth
GPU(s) alloué(s) : 0
--------------------------
=== Préparation de l'environnement uv ===
Étape 3/3 : Lancement du script Python (Training)...
{'loss': 4.9413, 'grad_norm': 4.113671779632568, 'learning_rate': 4.8834745762711866e-05, 'epoch': 0.07}
{'loss': 4.5834, 'grad_norm': 6.783322811126709, 'learning_rate': 4.765772128060264e-05, 'epoch': 0.14}
{'loss': 4.1942, 'grad_norm': 5.2073283195495605, 'learning_rate': 4.648069679849341e-05, 'epoch': 0.21}
{'loss': 3.8349, 'grad_norm': 6.099796772003174, 'learning_rate': 4.530367231638418e-05, 'epoch': 0.28}
{'loss': 3.4759, 'grad_norm': 7.306229591369629, 'learning_rate': 4.412664783427495e-05, 'epoch': 0.35}
{'loss': 3.1407, 'grad_norm': 7.887681007385254, 'learning_rate': 4.294962335216573e-05, 'epoch': 0.42}
{'loss': 2.9784, 'grad_norm': 8.862615585327148, 'learning_rate': 4.1772598870056504e-05, 'epoch': 0.49}
{'loss': 2.7717, 'grad_norm': 10.213313102722168, 'learning_rate': 4.0595574387947273e-05, 'epoch': 0.56}
{'loss': 2.644, 'grad_norm': 9.884076118469238, 'learning_rate': 3.941854990583804e-05, 'epoch': 0.64}
{'loss': 2.4936, 'grad_norm': 10.731664657592773, 'learning_rate': 3.824152542372881e-05, 'epoch': 0.71}
{'loss': 2.3995, 'grad_norm': 10.723967552185059, 'learning_rate': 3.706450094161959e-05, 'epoch': 0.78}
{'loss': 2.3273, 'grad_norm': 11.71959400177002, 'learning_rate': 3.588747645951036e-05, 'epoch': 0.85}
{'loss': 2.2113, 'grad_norm': 12.894281387329102, 'learning_rate': 3.471045197740113e-05, 'epoch': 0.92}
{'loss': 2.1469, 'grad_norm': 8.979487419128418, 'learning_rate': 3.354519774011299e-05, 'epoch': 0.99}
{'eval_loss': 2.0391125679016113, 'eval_accuracy': 0.5116073792920822, 'eval_f1': 0.46985695818592416, 'eval_precision': 0.5009609648329053, 'eval_recall': 0.5116073792920822, 'eval_runtime': 9.6699, 'eval_samples_per_second': 1171.574, 'eval_steps_per_second': 146.537, 'epoch': 1.0}
{'loss': 2.0068, 'grad_norm': 12.990771293640137, 'learning_rate': 3.236817325800377e-05, 'epoch': 1.06}
{'loss': 1.8601, 'grad_norm': 8.583842277526855, 'learning_rate': 3.119114877589454e-05, 'epoch': 1.13}
{'loss': 1.8936, 'grad_norm': 9.930879592895508, 'learning_rate': 3.001412429378531e-05, 'epoch': 1.2}
{'loss': 1.8408, 'grad_norm': 9.96590518951416, 'learning_rate': 2.8837099811676084e-05, 'epoch': 1.27}
{'loss': 1.7412, 'grad_norm': 16.074695587158203, 'learning_rate': 2.7660075329566853e-05, 'epoch': 1.34}
{'loss': 1.7177, 'grad_norm': 8.663556098937988, 'learning_rate': 2.648305084745763e-05, 'epoch': 1.41}
{'loss': 1.66, 'grad_norm': 11.674988746643066, 'learning_rate': 2.53060263653484e-05, 'epoch': 1.48}
{'loss': 1.7247, 'grad_norm': 12.408493995666504, 'learning_rate': 2.4129001883239172e-05, 'epoch': 1.55}
{'loss': 1.6487, 'grad_norm': 13.403368949890137, 'learning_rate': 2.2951977401129945e-05, 'epoch': 1.62}
{'loss': 1.6408, 'grad_norm': 9.935608863830566, 'learning_rate': 2.1774952919020715e-05, 'epoch': 1.69}
{'loss': 1.6077, 'grad_norm': 14.6814546585083, 'learning_rate': 2.059792843691149e-05, 'epoch': 1.77}
{'loss': 1.6055, 'grad_norm': 9.1969575881958, 'learning_rate': 1.942090395480226e-05, 'epoch': 1.84}
{'loss': 1.5587, 'grad_norm': 7.773886680603027, 'learning_rate': 1.824387947269303e-05, 'epoch': 1.91}
{'loss': 1.5498, 'grad_norm': 12.25721263885498, 'learning_rate': 1.7066854990583807e-05, 'epoch': 1.98}
{'eval_loss': 1.632894515991211, 'eval_accuracy': 0.5841645334981023, 'eval_f1': 0.5641193513601799, 'eval_precision': 0.5811392933120697, 'eval_recall': 0.5841645334981023, 'eval_runtime': 9.4789, 'eval_samples_per_second': 1195.186, 'eval_steps_per_second': 149.491, 'epoch': 2.0}
{'loss': 1.4073, 'grad_norm': 11.024138450622559, 'learning_rate': 1.5889830508474576e-05, 'epoch': 2.05}
{'loss': 1.2874, 'grad_norm': 9.740951538085938, 'learning_rate': 1.471280602636535e-05, 'epoch': 2.12}
{'loss': 1.3276, 'grad_norm': 13.414765357971191, 'learning_rate': 1.353578154425612e-05, 'epoch': 2.19}
{'loss': 1.2876, 'grad_norm': 9.516684532165527, 'learning_rate': 1.2358757062146894e-05, 'epoch': 2.26}
{'loss': 1.2729, 'grad_norm': 13.018856048583984, 'learning_rate': 1.1181732580037665e-05, 'epoch': 2.33}
{'loss': 1.278, 'grad_norm': 16.337223052978516, 'learning_rate': 1.0004708097928438e-05, 'epoch': 2.4}
{'loss': 1.2262, 'grad_norm': 14.989663124084473, 'learning_rate': 8.839453860640302e-06, 'epoch': 2.47}
{'loss': 1.2423, 'grad_norm': 10.284493446350098, 'learning_rate': 7.662429378531073e-06, 'epoch': 2.54}
{'loss': 1.1925, 'grad_norm': 12.674625396728516, 'learning_rate': 6.485404896421846e-06, 'epoch': 2.61}
{'loss': 1.2149, 'grad_norm': 11.324236869812012, 'learning_rate': 5.308380414312618e-06, 'epoch': 2.68}
{'loss': 1.188, 'grad_norm': 12.48791217803955, 'learning_rate': 4.13135593220339e-06, 'epoch': 2.75}
{'loss': 1.2154, 'grad_norm': 11.83980655670166, 'learning_rate': 2.954331450094162e-06, 'epoch': 2.82}
{'loss': 1.2371, 'grad_norm': 13.284367561340332, 'learning_rate': 1.7773069679849342e-06, 'epoch': 2.9}
{'loss': 1.2118, 'grad_norm': 9.399653434753418, 'learning_rate': 6.002824858757063e-07, 'epoch': 2.97}
{'eval_loss': 1.5062471628189087, 'eval_accuracy': 0.6109983228881631, 'eval_f1': 0.5964756550212233, 'eval_precision': 0.6065906101874998, 'eval_recall': 0.6109983228881631, 'eval_runtime': 9.6753, 'eval_samples_per_second': 1170.921, 'eval_steps_per_second': 146.456, 'epoch': 3.0}
{'train_runtime': 551.2124, 'train_samples_per_second': 246.613, 'train_steps_per_second': 7.707, 'train_loss': 2.032483927049655, 'epoch': 3.0}
=== Fin du Job 2 ===
